
  .   ____          _            __ _ _
 /\\ / ___'_ __ _ _(_)_ __  __ _ \ \ \ \
( ( )\___ | '_ | '_| | '_ \/ _` | \ \ \ \
 \\/  ___)| |_)| | | | | || (_| |  ) ) ) )
  '  |____| .__|_| |_|_| |_\__, | / / / /
 =========|_|==============|___/=/_/_/_/
 :: Spring Boot ::               (v3.0.12)

2023-11-26T18:49:28.265+01:00  INFO 12449 --- [           main] n.t.a.ToDoList.ToDoListApplication       : Starting ToDoListApplication v0.0.1-SNAPSHOT using Java 17.0.9 with PID 12449 (/Users/tudorandrei/repos/ToDoListApp-abatrineanu/Server/target/ToDoList-0.0.1-SNAPSHOT.jar started by tudorandrei in /Users/tudorandrei/repos/ToDoListApp-abatrineanu)
2023-11-26T18:49:28.266+01:00  INFO 12449 --- [           main] n.t.a.ToDoList.ToDoListApplication       : No active profile set, falling back to 1 default profile: "default"
2023-11-26T18:49:28.575+01:00  INFO 12449 --- [           main] .s.d.r.c.RepositoryConfigurationDelegate : Bootstrapping Spring Data JPA repositories in DEFAULT mode.
2023-11-26T18:49:28.608+01:00  INFO 12449 --- [           main] .s.d.r.c.RepositoryConfigurationDelegate : Finished Spring Data repository scanning in 28 ms. Found 2 JPA repository interfaces.
2023-11-26T18:49:28.877+01:00  INFO 12449 --- [           main] o.s.b.w.embedded.tomcat.TomcatWebServer  : Tomcat initialized with port(s): 8080 (http)
2023-11-26T18:49:28.883+01:00  INFO 12449 --- [           main] o.apache.catalina.core.StandardService   : Starting service [Tomcat]
2023-11-26T18:49:28.883+01:00  INFO 12449 --- [           main] o.apache.catalina.core.StandardEngine    : Starting Servlet engine: [Apache Tomcat/10.1.15]
2023-11-26T18:49:28.919+01:00  INFO 12449 --- [           main] o.a.c.c.C.[Tomcat].[localhost].[/]       : Initializing Spring embedded WebApplicationContext
2023-11-26T18:49:28.920+01:00  INFO 12449 --- [           main] w.s.c.ServletWebServerApplicationContext : Root WebApplicationContext: initialization completed in 631 ms
2023-11-26T18:49:28.933+01:00  INFO 12449 --- [           main] com.zaxxer.hikari.HikariDataSource       : HikariPool-1 - Starting...
2023-11-26T18:49:29.042+01:00  INFO 12449 --- [           main] com.zaxxer.hikari.pool.HikariPool        : HikariPool-1 - Added connection conn0: url=jdbc:h2:file:./h2db user=SA
2023-11-26T18:49:29.043+01:00  INFO 12449 --- [           main] com.zaxxer.hikari.HikariDataSource       : HikariPool-1 - Start completed.
2023-11-26T18:49:29.048+01:00  INFO 12449 --- [           main] o.s.b.a.h2.H2ConsoleAutoConfiguration    : H2 console available at '/h2-console'. Database available at 'jdbc:h2:file:./h2db'
2023-11-26T18:49:29.098+01:00  INFO 12449 --- [           main] o.hibernate.jpa.internal.util.LogHelper  : HHH000204: Processing PersistenceUnitInfo [name: default]
2023-11-26T18:49:29.118+01:00  INFO 12449 --- [           main] org.hibernate.Version                    : HHH000412: Hibernate ORM core version 6.1.7.Final
2023-11-26T18:49:29.236+01:00  INFO 12449 --- [           main] SQL dialect                              : HHH000400: Using dialect: org.hibernate.dialect.H2Dialect
Hibernate: drop table if exists activity_table cascade 
Hibernate: drop table if exists user_table cascade 
Hibernate: create table activity_table (id integer generated by default as identity, description varchar(255), status boolean not null, activity_owner_id integer, primary key (id))
Hibernate: create table user_table (id integer generated by default as identity, name varchar(255), password varchar(255), primary key (id))
Hibernate: alter table if exists activity_table add constraint FKctx5esvtmlyh4207u1j6jnbfu foreign key (activity_owner_id) references user_table
2023-11-26T18:49:29.556+01:00  INFO 12449 --- [           main] o.h.e.t.j.p.i.JtaPlatformInitiator       : HHH000490: Using JtaPlatform implementation: [org.hibernate.engine.transaction.jta.platform.internal.NoJtaPlatform]
2023-11-26T18:49:29.560+01:00  INFO 12449 --- [           main] j.LocalContainerEntityManagerFactoryBean : Initialized JPA EntityManagerFactory for persistence unit 'default'
2023-11-26T18:49:29.785+01:00  WARN 12449 --- [           main] JpaBaseConfiguration$JpaWebConfiguration : spring.jpa.open-in-view is enabled by default. Therefore, database queries may be performed during view rendering. Explicitly configure spring.jpa.open-in-view to disable this warning
2023-11-26T18:49:29.900+01:00  INFO 12449 --- [           main] o.s.s.web.DefaultSecurityFilterChain     : Will secure any request with [org.springframework.security.web.session.DisableEncodeUrlFilter@48a0c8aa, org.springframework.security.web.context.request.async.WebAsyncManagerIntegrationFilter@6192a5d5, org.springframework.security.web.context.SecurityContextHolderFilter@6fa0450e, org.springframework.security.web.header.HeaderWriterFilter@2bc426f0, org.springframework.web.filter.CorsFilter@3722c145, org.springframework.security.web.authentication.logout.LogoutFilter@7e0bc8a3, nl.tudelft.abatrineanu.ToDoList.authentication.JwtAuthenticationFilter@73d4066e, org.springframework.security.web.savedrequest.RequestCacheAwareFilter@51ec2856, org.springframework.security.web.servletapi.SecurityContextHolderAwareRequestFilter@1caa9eb6, org.springframework.security.web.authentication.AnonymousAuthenticationFilter@4cbc2e3b, org.springframework.security.web.session.SessionManagementFilter@4cb2918c, org.springframework.security.web.access.ExceptionTranslationFilter@58740366, org.springframework.security.web.access.intercept.AuthorizationFilter@12704e15]
2023-11-26T18:49:29.988+01:00  INFO 12449 --- [           main] o.s.b.w.embedded.tomcat.TomcatWebServer  : Tomcat started on port(s): 8080 (http) with context path ''
2023-11-26T18:49:29.998+01:00  INFO 12449 --- [           main] n.t.a.ToDoList.ToDoListApplication       : Started ToDoListApplication in 1.935 seconds (process running for 2.157)
2023-11-26T19:07:30.485+01:00  INFO 12449 --- [nio-8080-exec-1] o.a.c.c.C.[Tomcat].[localhost].[/]       : Initializing Spring DispatcherServlet 'dispatcherServlet'
2023-11-26T19:07:30.485+01:00  INFO 12449 --- [nio-8080-exec-1] o.s.web.servlet.DispatcherServlet        : Initializing Servlet 'dispatcherServlet'
2023-11-26T19:07:30.486+01:00  INFO 12449 --- [nio-8080-exec-1] o.s.web.servlet.DispatcherServlet        : Completed initialization in 1 ms
Hibernate: select u1_0.id from user_table u1_0 where u1_0.name=? fetch first ? rows only
Hibernate: insert into user_table (id, name, password) values (default, ?, ?)
Hibernate: select u1_0.id,u1_0.name,u1_0.password from user_table u1_0 where u1_0.name=?
Hibernate: select u1_0.id,u1_0.name,u1_0.password from user_table u1_0 where u1_0.name=?
Hibernate: select u1_0.id,u1_0.name,u1_0.password from user_table u1_0 where u1_0.name=?
Hibernate: select u1_0.id,u1_0.name,u1_0.password from user_table u1_0 where u1_0.name=?
Hibernate: select t1_0.activity_owner_id,t1_0.id,t1_0.description,t1_0.status from activity_table t1_0 where t1_0.activity_owner_id=?
Hibernate: select u1_0.id,u1_0.name,u1_0.password from user_table u1_0 where u1_0.name=?
Hibernate: select u1_0.id,u1_0.name,u1_0.password from user_table u1_0 where u1_0.name=?
Hibernate: select t1_0.activity_owner_id,t1_0.id,t1_0.description,t1_0.status from activity_table t1_0 where t1_0.activity_owner_id=?
Hibernate: select u1_0.id,u1_0.name,u1_0.password from user_table u1_0 where u1_0.name=?
Hibernate: select u1_0.id,u1_0.name,u1_0.password from user_table u1_0 where u1_0.name=?
Hibernate: select t1_0.activity_owner_id,t1_0.id,t1_0.description,t1_0.status from activity_table t1_0 where t1_0.activity_owner_id=?
Hibernate: select u1_0.id,u1_0.name,u1_0.password from user_table u1_0 where u1_0.name=?
Hibernate: select u1_0.id,u1_0.name,u1_0.password from user_table u1_0 where u1_0.name=?
Hibernate: select t1_0.activity_owner_id,t1_0.id,t1_0.description,t1_0.status from activity_table t1_0 where t1_0.activity_owner_id=?
Hibernate: select u1_0.id,u1_0.name,u1_0.password from user_table u1_0 where u1_0.name=?
Hibernate: select u1_0.id,u1_0.name,u1_0.password from user_table u1_0 where u1_0.name=?
Hibernate: select t1_0.activity_owner_id,t1_0.id,t1_0.description,t1_0.status from activity_table t1_0 where t1_0.activity_owner_id=?
Hibernate: select u1_0.id,u1_0.name,u1_0.password from user_table u1_0 where u1_0.name=?
Hibernate: select u1_0.id,u1_0.name,u1_0.password from user_table u1_0 where u1_0.name=?
Hibernate: select t1_0.activity_owner_id,t1_0.id,t1_0.description,t1_0.status from activity_table t1_0 where t1_0.activity_owner_id=?
Hibernate: select u1_0.id,u1_0.name,u1_0.password from user_table u1_0 where u1_0.name=?
Hibernate: select u1_0.id,u1_0.name,u1_0.password from user_table u1_0 where u1_0.name=?
Hibernate: select u1_0.id,u1_0.name,u1_0.password from user_table u1_0 where u1_0.name=?
Hibernate: select u1_0.id,u1_0.name,u1_0.password from user_table u1_0 where u1_0.name=?
Hibernate: select t1_0.activity_owner_id,t1_0.id,t1_0.description,t1_0.status from activity_table t1_0 where t1_0.activity_owner_id=?
Hibernate: select u1_0.id,u1_0.name,u1_0.password from user_table u1_0 where u1_0.name=?
Hibernate: select u1_0.id,u1_0.name,u1_0.password from user_table u1_0 where u1_0.name=?
Hibernate: select t1_0.activity_owner_id,t1_0.id,t1_0.description,t1_0.status from activity_table t1_0 where t1_0.activity_owner_id=?
Hibernate: select u1_0.id,u1_0.name,u1_0.password from user_table u1_0 where u1_0.name=?
Hibernate: select u1_0.id,u1_0.name,u1_0.password from user_table u1_0 where u1_0.name=?
Hibernate: select t1_0.activity_owner_id,t1_0.id,t1_0.description,t1_0.status from activity_table t1_0 where t1_0.activity_owner_id=?
Hibernate: select u1_0.id,u1_0.name,u1_0.password from user_table u1_0 where u1_0.name=?
Hibernate: select u1_0.id,u1_0.name,u1_0.password from user_table u1_0 where u1_0.name=?
Hibernate: select t1_0.activity_owner_id,t1_0.id,t1_0.description,t1_0.status from activity_table t1_0 where t1_0.activity_owner_id=?
2023-11-26T20:27:20.401+01:00  WARN 12449 --- [l-1 housekeeper] com.zaxxer.hikari.pool.HikariPool        : HikariPool-1 - Thread starvation or clock leap detected (housekeeper delta=1m20s564ms).
2023-11-26T20:30:10.771+01:00  WARN 12449 --- [l-1 housekeeper] com.zaxxer.hikari.pool.HikariPool        : HikariPool-1 - Thread starvation or clock leap detected (housekeeper delta=2m50s370ms).
2023-11-26T20:46:34.459+01:00  WARN 12449 --- [l-1 housekeeper] com.zaxxer.hikari.pool.HikariPool        : HikariPool-1 - Thread starvation or clock leap detected (housekeeper delta=15m53s679ms).
2023-11-26T20:57:56.327+01:00  WARN 12449 --- [l-1 housekeeper] com.zaxxer.hikari.pool.HikariPool        : HikariPool-1 - Thread starvation or clock leap detected (housekeeper delta=9m51s844ms).
2023-11-26T21:01:45.205+01:00  WARN 12449 --- [l-1 housekeeper] com.zaxxer.hikari.pool.HikariPool        : HikariPool-1 - Thread starvation or clock leap detected (housekeeper delta=1m17s518ms).
2023-11-26T21:04:59.711+01:00  WARN 12449 --- [l-1 housekeeper] com.zaxxer.hikari.pool.HikariPool        : HikariPool-1 - Thread starvation or clock leap detected (housekeeper delta=1m44s470ms).
2023-11-26T21:15:48.805+01:00  WARN 12449 --- [l-1 housekeeper] com.zaxxer.hikari.pool.HikariPool        : HikariPool-1 - Thread starvation or clock leap detected (housekeeper delta=10m19s83ms).
2023-11-26T21:39:12.895+01:00  WARN 12449 --- [l-1 housekeeper] com.zaxxer.hikari.pool.HikariPool        : HikariPool-1 - Thread starvation or clock leap detected (housekeeper delta=1m23s889ms).
2023-11-26T22:25:55.040+01:00  WARN 12449 --- [l-1 housekeeper] com.zaxxer.hikari.pool.HikariPool        : HikariPool-1 - Thread starvation or clock leap detected (housekeeper delta=16m9s70ms).
2023-11-26T22:43:36.778+01:00  WARN 12449 --- [l-1 housekeeper] com.zaxxer.hikari.pool.HikariPool        : HikariPool-1 - Thread starvation or clock leap detected (housekeeper delta=16m11s706ms).
2023-11-26T23:01:08.143+01:00  WARN 12449 --- [l-1 housekeeper] com.zaxxer.hikari.pool.HikariPool        : HikariPool-1 - Thread starvation or clock leap detected (housekeeper delta=15m31s341ms).
2023-11-26T23:07:29.907+01:00  WARN 12449 --- [l-1 housekeeper] com.zaxxer.hikari.pool.HikariPool        : HikariPool-1 - Thread starvation or clock leap detected (housekeeper delta=4m21s852ms).
2023-11-26T23:10:36.540+01:00  WARN 12449 --- [l-1 housekeeper] com.zaxxer.hikari.pool.HikariPool        : HikariPool-1 - Thread starvation or clock leap detected (housekeeper delta=1m36s608ms).
2023-11-26T23:28:01.999+01:00  WARN 12449 --- [l-1 housekeeper] com.zaxxer.hikari.pool.HikariPool        : HikariPool-1 - Thread starvation or clock leap detected (housekeeper delta=15m55s435ms).
2023-11-26T23:45:32.053+01:00  WARN 12449 --- [l-1 housekeeper] com.zaxxer.hikari.pool.HikariPool        : HikariPool-1 - Thread starvation or clock leap detected (housekeeper delta=15m30s32ms).
2023-11-27T00:04:00.976+01:00  WARN 12449 --- [l-1 housekeeper] com.zaxxer.hikari.pool.HikariPool        : HikariPool-1 - Thread starvation or clock leap detected (housekeeper delta=16m58s901ms).
2023-11-27T00:22:23.995+01:00  WARN 12449 --- [l-1 housekeeper] com.zaxxer.hikari.pool.HikariPool        : HikariPool-1 - Thread starvation or clock leap detected (housekeeper delta=16m22s995ms).
2023-11-27T00:38:36.992+01:00  WARN 12449 --- [l-1 housekeeper] com.zaxxer.hikari.pool.HikariPool        : HikariPool-1 - Thread starvation or clock leap detected (housekeeper delta=14m42s984ms).
2023-11-27T00:55:39.099+01:00  WARN 12449 --- [l-1 housekeeper] com.zaxxer.hikari.pool.HikariPool        : HikariPool-1 - Thread starvation or clock leap detected (housekeeper delta=15m30s33ms).
2023-11-27T00:59:26.930+01:00  WARN 12449 --- [l-1 housekeeper] com.zaxxer.hikari.pool.HikariPool        : HikariPool-1 - Thread starvation or clock leap detected (housekeeper delta=1m47s809ms).
2023-11-27T01:05:01.377+01:00  WARN 12449 --- [l-1 housekeeper] com.zaxxer.hikari.pool.HikariPool        : HikariPool-1 - Thread starvation or clock leap detected (housekeeper delta=4m4s426ms).
2023-11-27T01:21:47.727+01:00  WARN 12449 --- [l-1 housekeeper] com.zaxxer.hikari.pool.HikariPool        : HikariPool-1 - Thread starvation or clock leap detected (housekeeper delta=16m16s339ms).
2023-11-27T01:40:45.968+01:00  WARN 12449 --- [l-1 housekeeper] com.zaxxer.hikari.pool.HikariPool        : HikariPool-1 - Thread starvation or clock leap detected (housekeeper delta=17m28s219ms).
2023-11-27T01:58:40.831+01:00  WARN 12449 --- [l-1 housekeeper] com.zaxxer.hikari.pool.HikariPool        : HikariPool-1 - Thread starvation or clock leap detected (housekeeper delta=16m24s854ms).
2023-11-27T02:06:13.708+01:00  WARN 12449 --- [l-1 housekeeper] com.zaxxer.hikari.pool.HikariPool        : HikariPool-1 - Thread starvation or clock leap detected (housekeeper delta=5m32s869ms).
2023-11-27T02:25:41.698+01:00  WARN 12449 --- [l-1 housekeeper] com.zaxxer.hikari.pool.HikariPool        : HikariPool-1 - Thread starvation or clock leap detected (housekeeper delta=17m57s969ms).
2023-11-27T02:42:25.670+01:00  WARN 12449 --- [l-1 housekeeper] com.zaxxer.hikari.pool.HikariPool        : HikariPool-1 - Thread starvation or clock leap detected (housekeeper delta=15m13s942ms).
2023-11-27T03:01:52.736+01:00  WARN 12449 --- [l-1 housekeeper] com.zaxxer.hikari.pool.HikariPool        : HikariPool-1 - Thread starvation or clock leap detected (housekeeper delta=17m26s981ms).
2023-11-27T03:06:55.796+01:00  WARN 12449 --- [l-1 housekeeper] com.zaxxer.hikari.pool.HikariPool        : HikariPool-1 - Thread starvation or clock leap detected (housekeeper delta=3m33s27ms).
2023-11-27T03:26:43.823+01:00  WARN 12449 --- [l-1 housekeeper] com.zaxxer.hikari.pool.HikariPool        : HikariPool-1 - Thread starvation or clock leap detected (housekeeper delta=17m48s2ms).
2023-11-27T03:44:44.826+01:00  WARN 12449 --- [l-1 housekeeper] com.zaxxer.hikari.pool.HikariPool        : HikariPool-1 - Thread starvation or clock leap detected (housekeeper delta=16m30s975ms).
2023-11-27T03:54:03.835+01:00  WARN 12449 --- [l-1 housekeeper] com.zaxxer.hikari.pool.HikariPool        : HikariPool-1 - Thread starvation or clock leap detected (housekeeper delta=7m48s990ms).
2023-11-27T04:08:06.556+01:00  WARN 12449 --- [l-1 housekeeper] com.zaxxer.hikari.pool.HikariPool        : HikariPool-1 - Thread starvation or clock leap detected (housekeeper delta=10m2s664ms).
2023-11-27T04:25:53.584+01:00  WARN 12449 --- [l-1 housekeeper] com.zaxxer.hikari.pool.HikariPool        : HikariPool-1 - Thread starvation or clock leap detected (housekeeper delta=16m17s5ms).
2023-11-27T04:44:27.970+01:00  WARN 12449 --- [l-1 housekeeper] com.zaxxer.hikari.pool.HikariPool        : HikariPool-1 - Thread starvation or clock leap detected (housekeeper delta=16m34s355ms).
2023-11-27T05:03:28.980+01:00  WARN 12449 --- [l-1 housekeeper] com.zaxxer.hikari.pool.HikariPool        : HikariPool-1 - Thread starvation or clock leap detected (housekeeper delta=17m30s985ms).
2023-11-27T05:09:18.956+01:00  WARN 12449 --- [l-1 housekeeper] com.zaxxer.hikari.pool.HikariPool        : HikariPool-1 - Thread starvation or clock leap detected (housekeeper delta=3m49s944ms).
2023-11-27T05:14:16.958+01:00  WARN 12449 --- [l-1 housekeeper] com.zaxxer.hikari.pool.HikariPool        : HikariPool-1 - Thread starvation or clock leap detected (housekeeper delta=1m27s952ms).
2023-11-27T05:32:53.025+01:00  WARN 12449 --- [l-1 housekeeper] com.zaxxer.hikari.pool.HikariPool        : HikariPool-1 - Thread starvation or clock leap detected (housekeeper delta=17m6s52ms).
2023-11-27T05:51:11.026+01:00  WARN 12449 --- [l-1 housekeeper] com.zaxxer.hikari.pool.HikariPool        : HikariPool-1 - Thread starvation or clock leap detected (housekeeper delta=16m17s979ms).
2023-11-27T06:08:28.000+01:00  WARN 12449 --- [l-1 housekeeper] com.zaxxer.hikari.pool.HikariPool        : HikariPool-1 - Thread starvation or clock leap detected (housekeeper delta=15m46s949ms).
2023-11-27T06:28:04.738+01:00  WARN 12449 --- [l-1 housekeeper] com.zaxxer.hikari.pool.HikariPool        : HikariPool-1 - Thread starvation or clock leap detected (housekeeper delta=15m36s674ms).
2023-11-27T06:49:17.205+01:00  WARN 12449 --- [l-1 housekeeper] com.zaxxer.hikari.pool.HikariPool        : HikariPool-1 - Thread starvation or clock leap detected (housekeeper delta=15m42s407ms).
2023-11-27T07:08:36.181+01:00  WARN 12449 --- [l-1 housekeeper] com.zaxxer.hikari.pool.HikariPool        : HikariPool-1 - Thread starvation or clock leap detected (housekeeper delta=17m18s935ms).
2023-11-27T07:26:28.191+01:00  WARN 12449 --- [l-1 housekeeper] com.zaxxer.hikari.pool.HikariPool        : HikariPool-1 - Thread starvation or clock leap detected (housekeeper delta=16m21s992ms).
2023-11-27T07:45:37.167+01:00  WARN 12449 --- [l-1 housekeeper] com.zaxxer.hikari.pool.HikariPool        : HikariPool-1 - Thread starvation or clock leap detected (housekeeper delta=17m38s944ms).
2023-11-27T08:03:55.179+01:00  WARN 12449 --- [l-1 housekeeper] com.zaxxer.hikari.pool.HikariPool        : HikariPool-1 - Thread starvation or clock leap detected (housekeeper delta=16m17s990ms).
2023-11-27T08:10:00.115+01:00  WARN 12449 --- [l-1 housekeeper] com.zaxxer.hikari.pool.HikariPool        : HikariPool-1 - Thread starvation or clock leap detected (housekeeper delta=4m34s916ms).
2023-11-27T08:28:49.092+01:00  WARN 12449 --- [l-1 housekeeper] com.zaxxer.hikari.pool.HikariPool        : HikariPool-1 - Thread starvation or clock leap detected (housekeeper delta=16m48s961ms).
2023-11-27T08:46:55.089+01:00  WARN 12449 --- [l-1 housekeeper] com.zaxxer.hikari.pool.HikariPool        : HikariPool-1 - Thread starvation or clock leap detected (housekeeper delta=16m35s979ms).
2023-11-27T09:06:32.806+01:00  WARN 12449 --- [l-1 housekeeper] com.zaxxer.hikari.pool.HikariPool        : HikariPool-1 - Thread starvation or clock leap detected (housekeeper delta=16m7s667ms).
2023-11-27T09:11:10.732+01:00  WARN 12449 --- [l-1 housekeeper] com.zaxxer.hikari.pool.HikariPool        : HikariPool-1 - Thread starvation or clock leap detected (housekeeper delta=2m37s989ms).
2023-11-27T09:19:04.213+01:00  WARN 12449 --- [l-1 housekeeper] com.zaxxer.hikari.pool.HikariPool        : HikariPool-1 - Thread starvation or clock leap detected (housekeeper delta=6m23s465ms).
2023-11-27T09:36:34.250+01:00  WARN 12449 --- [l-1 housekeeper] com.zaxxer.hikari.pool.HikariPool        : HikariPool-1 - Thread starvation or clock leap detected (housekeeper delta=15m30s7ms).
2023-11-27T09:53:34.365+01:00  WARN 12449 --- [l-1 housekeeper] com.zaxxer.hikari.pool.HikariPool        : HikariPool-1 - Thread starvation or clock leap detected (housekeeper delta=15m30s93ms).
2023-11-27T09:57:55.096+01:00  WARN 12449 --- [l-1 housekeeper] com.zaxxer.hikari.pool.HikariPool        : HikariPool-1 - Thread starvation or clock leap detected (housekeeper delta=2m50s706ms).
2023-11-27T10:12:10.696+01:00  WARN 12449 --- [l-1 housekeeper] com.zaxxer.hikari.pool.HikariPool        : HikariPool-1 - Thread starvation or clock leap detected (housekeeper delta=12m15s592ms).
2023-11-27T10:29:53.670+01:00  WARN 12449 --- [l-1 housekeeper] com.zaxxer.hikari.pool.HikariPool        : HikariPool-1 - Thread starvation or clock leap detected (housekeeper delta=16m12s961ms).
2023-11-27T10:49:48.775+01:00  WARN 12449 --- [l-1 housekeeper] com.zaxxer.hikari.pool.HikariPool        : HikariPool-1 - Thread starvation or clock leap detected (housekeeper delta=17m55s82ms).
2023-11-27T11:07:46.718+01:00  WARN 12449 --- [l-1 housekeeper] com.zaxxer.hikari.pool.HikariPool        : HikariPool-1 - Thread starvation or clock leap detected (housekeeper delta=16m27s940ms).
2023-11-27T11:12:52.727+01:00  WARN 12449 --- [l-1 housekeeper] com.zaxxer.hikari.pool.HikariPool        : HikariPool-1 - Thread starvation or clock leap detected (housekeeper delta=3m35s969ms).
2023-11-27T11:30:21.881+01:00  WARN 12449 --- [l-1 housekeeper] com.zaxxer.hikari.pool.HikariPool        : HikariPool-1 - Thread starvation or clock leap detected (housekeeper delta=15m29s128ms).
2023-11-27T11:48:09.852+01:00  WARN 12449 --- [l-1 housekeeper] com.zaxxer.hikari.pool.HikariPool        : HikariPool-1 - Thread starvation or clock leap detected (housekeeper delta=16m17s955ms).
2023-11-27T12:06:58.817+01:00  WARN 12449 --- [l-1 housekeeper] com.zaxxer.hikari.pool.HikariPool        : HikariPool-1 - Thread starvation or clock leap detected (housekeeper delta=16m48s929ms).
2023-11-27T12:14:04.812+01:00  WARN 12449 --- [l-1 housekeeper] com.zaxxer.hikari.pool.HikariPool        : HikariPool-1 - Thread starvation or clock leap detected (housekeeper delta=5m35s982ms).
2023-11-27T12:33:21.569+01:00  WARN 12449 --- [l-1 housekeeper] com.zaxxer.hikari.pool.HikariPool        : HikariPool-1 - Thread starvation or clock leap detected (housekeeper delta=15m46s722ms).
2023-11-27T12:52:45.403+01:00  WARN 12449 --- [l-1 housekeeper] com.zaxxer.hikari.pool.HikariPool        : HikariPool-1 - Thread starvation or clock leap detected (housekeeper delta=17m21s727ms).
2023-11-27T13:09:45.510+01:00  WARN 12449 --- [l-1 housekeeper] com.zaxxer.hikari.pool.HikariPool        : HikariPool-1 - Thread starvation or clock leap detected (housekeeper delta=15m30s80ms).
2023-11-27T13:15:15.363+01:00  WARN 12449 --- [l-1 housekeeper] com.zaxxer.hikari.pool.HikariPool        : HikariPool-1 - Thread starvation or clock leap detected (housekeeper delta=3m29s818ms).
2023-11-27T13:19:50.363+01:00  WARN 12449 --- [l-1 housekeeper] com.zaxxer.hikari.pool.HikariPool        : HikariPool-1 - Thread starvation or clock leap detected (housekeeper delta=3m4s991ms).
2023-11-27T13:38:15.445+01:00  WARN 12449 --- [l-1 housekeeper] com.zaxxer.hikari.pool.HikariPool        : HikariPool-1 - Thread starvation or clock leap detected (housekeeper delta=16m55s61ms).
2023-11-27T13:57:45.585+01:00  WARN 12449 --- [l-1 housekeeper] com.zaxxer.hikari.pool.HikariPool        : HikariPool-1 - Thread starvation or clock leap detected (housekeeper delta=15m30s46ms).
2023-11-27T14:15:54.964+01:00  WARN 12449 --- [l-1 housekeeper] com.zaxxer.hikari.pool.HikariPool        : HikariPool-1 - Thread starvation or clock leap detected (housekeeper delta=14m39s329ms).
2023-11-27T14:25:52.304+01:00  WARN 12449 --- [l-1 housekeeper] com.zaxxer.hikari.pool.HikariPool        : HikariPool-1 - Thread starvation or clock leap detected (housekeeper delta=7m57s315ms).
2023-11-27T14:46:03.985+01:00  WARN 12449 --- [l-1 housekeeper] com.zaxxer.hikari.pool.HikariPool        : HikariPool-1 - Thread starvation or clock leap detected (housekeeper delta=16m4s291ms).
2023-11-27T15:05:14.974+01:00  WARN 12449 --- [l-1 housekeeper] com.zaxxer.hikari.pool.HikariPool        : HikariPool-1 - Thread starvation or clock leap detected (housekeeper delta=17m40s973ms).
2023-11-27T15:13:51.405+01:00  WARN 12449 --- [l-1 housekeeper] com.zaxxer.hikari.pool.HikariPool        : HikariPool-1 - Thread starvation or clock leap detected (housekeeper delta=7m6s416ms).
2023-11-27T15:31:21.470+01:00  WARN 12449 --- [l-1 housekeeper] com.zaxxer.hikari.pool.HikariPool        : HikariPool-1 - Thread starvation or clock leap detected (housekeeper delta=15m30s42ms).
2023-11-27T15:50:18.769+01:00  WARN 12449 --- [l-1 housekeeper] com.zaxxer.hikari.pool.HikariPool        : HikariPool-1 - Thread starvation or clock leap detected (housekeeper delta=17m27s270ms).
2023-11-27T16:09:44.807+01:00  WARN 12449 --- [l-1 housekeeper] com.zaxxer.hikari.pool.HikariPool        : HikariPool-1 - Thread starvation or clock leap detected (housekeeper delta=17m26s).
2023-11-27T16:17:06.859+01:00  WARN 12449 --- [l-1 housekeeper] com.zaxxer.hikari.pool.HikariPool        : HikariPool-1 - Thread starvation or clock leap detected (housekeeper delta=5m52s23ms).
2023-11-27T16:35:01.882+01:00  WARN 12449 --- [l-1 housekeeper] com.zaxxer.hikari.pool.HikariPool        : HikariPool-1 - Thread starvation or clock leap detected (housekeeper delta=16m24s998ms).
2023-11-27T16:52:59.912+01:00  WARN 12449 --- [l-1 housekeeper] com.zaxxer.hikari.pool.HikariPool        : HikariPool-1 - Thread starvation or clock leap detected (housekeeper delta=15m58s21ms).
2023-11-27T16:55:53.636+01:00  WARN 12449 --- [l-1 housekeeper] com.zaxxer.hikari.pool.HikariPool        : HikariPool-1 - Thread starvation or clock leap detected (housekeeper delta=1m23s704ms).
2023-11-27T17:17:36.195+01:00  WARN 12449 --- [l-1 housekeeper] com.zaxxer.hikari.pool.HikariPool        : HikariPool-1 - Thread starvation or clock leap detected (housekeeper delta=17m42s507ms).
2023-11-27T17:36:36.292+01:00  WARN 12449 --- [l-1 housekeeper] com.zaxxer.hikari.pool.HikariPool        : HikariPool-1 - Thread starvation or clock leap detected (housekeeper delta=15m30s46ms).
2023-11-27T17:54:51.006+01:00  WARN 12449 --- [l-1 housekeeper] com.zaxxer.hikari.pool.HikariPool        : HikariPool-1 - Thread starvation or clock leap detected (housekeeper delta=16m44s697ms).
2023-11-27T18:12:26.042+01:00  WARN 12449 --- [l-1 housekeeper] com.zaxxer.hikari.pool.HikariPool        : HikariPool-1 - Thread starvation or clock leap detected (housekeeper delta=15m33s20ms).
2023-11-27T18:15:02.000+01:00  WARN 12449 --- [l-1 housekeeper] com.zaxxer.hikari.pool.HikariPool        : HikariPool-1 - Thread starvation or clock leap detected (housekeeper delta=1m5s934ms).
2023-11-27T18:18:35.013+01:00  WARN 12449 --- [l-1 housekeeper] com.zaxxer.hikari.pool.HikariPool        : HikariPool-1 - Thread starvation or clock leap detected (housekeeper delta=1m32s986ms).
2023-11-27T18:35:35.008+01:00  WARN 12449 --- [l-1 housekeeper] com.zaxxer.hikari.pool.HikariPool        : HikariPool-1 - Thread starvation or clock leap detected (housekeeper delta=15m29s968ms).
2023-11-27T18:52:47.048+01:00  WARN 12449 --- [l-1 housekeeper] com.zaxxer.hikari.pool.HikariPool        : HikariPool-1 - Thread starvation or clock leap detected (housekeeper delta=15m42s10ms).
2023-11-27T18:53:13.031+01:00  WARN 12449 --- [l-1 housekeeper] com.zaxxer.hikari.pool.HikariPool        : HikariPool-1 - Retrograde clock change detected (housekeeper delta=25s982ms), soft-evicting connections from pool.
2023-11-27T18:59:15.629+01:00  WARN 12449 --- [l-1 housekeeper] com.zaxxer.hikari.pool.HikariPool        : HikariPool-1 - Thread starvation or clock leap detected (housekeeper delta=4m32s583ms).
2023-11-27T19:16:15.679+01:00  WARN 12449 --- [l-1 housekeeper] com.zaxxer.hikari.pool.HikariPool        : HikariPool-1 - Thread starvation or clock leap detected (housekeeper delta=15m30s33ms).
2023-11-27T19:33:45.826+01:00  WARN 12449 --- [l-1 housekeeper] com.zaxxer.hikari.pool.HikariPool        : HikariPool-1 - Thread starvation or clock leap detected (housekeeper delta=15m30s123ms).
2023-11-27T19:53:32.587+01:00  WARN 12449 --- [l-1 housekeeper] com.zaxxer.hikari.pool.HikariPool        : HikariPool-1 - Thread starvation or clock leap detected (housekeeper delta=18m16s732ms).
2023-11-27T20:10:32.752+01:00  WARN 12449 --- [l-1 housekeeper] com.zaxxer.hikari.pool.HikariPool        : HikariPool-1 - Thread starvation or clock leap detected (housekeeper delta=15m30s139ms).
2023-11-27T20:19:28.598+01:00  WARN 12449 --- [l-1 housekeeper] com.zaxxer.hikari.pool.HikariPool        : HikariPool-1 - Thread starvation or clock leap detected (housekeeper delta=6m55s807ms).
2023-11-27T20:36:28.735+01:00  WARN 12449 --- [l-1 housekeeper] com.zaxxer.hikari.pool.HikariPool        : HikariPool-1 - Thread starvation or clock leap detected (housekeeper delta=15m30s116ms).
2023-11-27T20:41:25.754+01:00  WARN 12449 --- [l-1 housekeeper] com.zaxxer.hikari.pool.HikariPool        : HikariPool-1 - Thread starvation or clock leap detected (housekeeper delta=2m57s5ms).
2023-11-27T20:43:48.240+01:00  WARN 12449 --- [l-1 housekeeper] com.zaxxer.hikari.pool.HikariPool        : HikariPool-1 - Thread starvation or clock leap detected (housekeeper delta=52s467ms).
2023-11-27T21:02:06.381+01:00  WARN 12449 --- [l-1 housekeeper] com.zaxxer.hikari.pool.HikariPool        : HikariPool-1 - Thread starvation or clock leap detected (housekeeper delta=16m48s113ms).
2023-11-27T21:20:28.469+01:00  WARN 12449 --- [l-1 housekeeper] com.zaxxer.hikari.pool.HikariPool        : HikariPool-1 - Thread starvation or clock leap detected (housekeeper delta=16m22s29ms).
2023-11-27T21:38:54.453+01:00  WARN 12449 --- [l-1 housekeeper] com.zaxxer.hikari.pool.HikariPool        : HikariPool-1 - Thread starvation or clock leap detected (housekeeper delta=16m55s958ms).
2023-11-27T21:57:18.367+01:00  WARN 12449 --- [l-1 housekeeper] com.zaxxer.hikari.pool.HikariPool        : HikariPool-1 - Thread starvation or clock leap detected (housekeeper delta=16m23s894ms).
2023-11-27T22:09:05.363+01:00  WARN 12449 --- [l-1 housekeeper] com.zaxxer.hikari.pool.HikariPool        : HikariPool-1 - Thread starvation or clock leap detected (housekeeper delta=10m16s981ms).
2023-11-27T22:15:49.102+01:00  WARN 12449 --- [l-1 housekeeper] com.zaxxer.hikari.pool.HikariPool        : HikariPool-1 - Thread starvation or clock leap detected (housekeeper delta=5m13s723ms).
2023-11-27T22:21:28.225+01:00  WARN 12449 --- [l-1 housekeeper] com.zaxxer.hikari.pool.HikariPool        : HikariPool-1 - Thread starvation or clock leap detected (housekeeper delta=4m39s103ms).
2023-11-27T22:39:48.342+01:00  WARN 12449 --- [l-1 housekeeper] com.zaxxer.hikari.pool.HikariPool        : HikariPool-1 - Thread starvation or clock leap detected (housekeeper delta=16m50s107ms).
2023-11-27T22:56:48.404+01:00  WARN 12449 --- [l-1 housekeeper] com.zaxxer.hikari.pool.HikariPool        : HikariPool-1 - Thread starvation or clock leap detected (housekeeper delta=15m30s39ms).
2023-11-27T23:16:44.949+01:00  WARN 12449 --- [l-1 housekeeper] com.zaxxer.hikari.pool.HikariPool        : HikariPool-1 - Thread starvation or clock leap detected (housekeeper delta=17m56s521ms).
2023-11-27T23:22:23.003+01:00  WARN 12449 --- [l-1 housekeeper] com.zaxxer.hikari.pool.HikariPool        : HikariPool-1 - Thread starvation or clock leap detected (housekeeper delta=4m8s41ms).
2023-11-27T23:29:35.961+01:00  WARN 12449 --- [l-1 housekeeper] com.zaxxer.hikari.pool.HikariPool        : HikariPool-1 - Thread starvation or clock leap detected (housekeeper delta=5m42s942ms).
2023-11-27T23:34:43.867+01:00  WARN 12449 --- [l-1 housekeeper] com.zaxxer.hikari.pool.HikariPool        : HikariPool-1 - Thread starvation or clock leap detected (housekeeper delta=3m7s881ms).
2023-11-27T23:51:44.029+01:00  WARN 12449 --- [l-1 housekeeper] com.zaxxer.hikari.pool.HikariPool        : HikariPool-1 - Thread starvation or clock leap detected (housekeeper delta=15m30s141ms).
2023-11-28T00:09:14.096+01:00  WARN 12449 --- [l-1 housekeeper] com.zaxxer.hikari.pool.HikariPool        : HikariPool-1 - Thread starvation or clock leap detected (housekeeper delta=15m30s50ms).
2023-11-28T00:23:22.835+01:00  WARN 12449 --- [l-1 housekeeper] com.zaxxer.hikari.pool.HikariPool        : HikariPool-1 - Thread starvation or clock leap detected (housekeeper delta=12m38s710ms).
2023-11-28T00:40:40.823+01:00  WARN 12449 --- [l-1 housekeeper] com.zaxxer.hikari.pool.HikariPool        : HikariPool-1 - Thread starvation or clock leap detected (housekeeper delta=15m47s961ms).
2023-11-28T00:58:33.859+01:00  WARN 12449 --- [l-1 housekeeper] com.zaxxer.hikari.pool.HikariPool        : HikariPool-1 - Thread starvation or clock leap detected (housekeeper delta=15m53s2ms).
2023-11-28T01:15:49.897+01:00  WARN 12449 --- [l-1 housekeeper] com.zaxxer.hikari.pool.HikariPool        : HikariPool-1 - Thread starvation or clock leap detected (housekeeper delta=15m46s25ms).
2023-11-28T01:24:32.642+01:00  WARN 12449 --- [l-1 housekeeper] com.zaxxer.hikari.pool.HikariPool        : HikariPool-1 - Thread starvation or clock leap detected (housekeeper delta=6m12s722ms).
2023-11-28T01:28:22.672+01:00  WARN 12449 --- [l-1 housekeeper] com.zaxxer.hikari.pool.HikariPool        : HikariPool-1 - Thread starvation or clock leap detected (housekeeper delta=2m20s7ms).
2023-11-28T01:45:22.728+01:00  WARN 12449 --- [l-1 housekeeper] com.zaxxer.hikari.pool.HikariPool        : HikariPool-1 - Thread starvation or clock leap detected (housekeeper delta=15m30s34ms).
2023-11-28T02:03:11.687+01:00  WARN 12449 --- [l-1 housekeeper] com.zaxxer.hikari.pool.HikariPool        : HikariPool-1 - Thread starvation or clock leap detected (housekeeper delta=15m46s882ms).
2023-11-28T02:20:49.618+01:00  WARN 12449 --- [l-1 housekeeper] com.zaxxer.hikari.pool.HikariPool        : HikariPool-1 - Thread starvation or clock leap detected (housekeeper delta=16m7s920ms).
2023-11-28T02:25:32.597+01:00  WARN 12449 --- [l-1 housekeeper] com.zaxxer.hikari.pool.HikariPool        : HikariPool-1 - Thread starvation or clock leap detected (housekeeper delta=2m42s949ms).
2023-11-28T02:44:52.363+01:00  WARN 12449 --- [l-1 housekeeper] com.zaxxer.hikari.pool.HikariPool        : HikariPool-1 - Thread starvation or clock leap detected (housekeeper delta=15m49s710ms).
2023-11-28T02:52:38.340+01:00  WARN 12449 --- [l-1 housekeeper] com.zaxxer.hikari.pool.HikariPool        : HikariPool-1 - Thread starvation or clock leap detected (housekeeper delta=5m45s948ms).
2023-11-28T03:09:57.351+01:00  WARN 12449 --- [l-1 housekeeper] com.zaxxer.hikari.pool.HikariPool        : HikariPool-1 - Thread starvation or clock leap detected (housekeeper delta=15m48s996ms).
2023-11-28T03:26:10.981+01:00  WARN 12449 --- [l-1 housekeeper] com.zaxxer.hikari.pool.HikariPool        : HikariPool-1 - Thread starvation or clock leap detected (housekeeper delta=10m43s563ms).
2023-11-28T03:31:31.683+01:00  WARN 12449 --- [l-1 housekeeper] com.zaxxer.hikari.pool.HikariPool        : HikariPool-1 - Thread starvation or clock leap detected (housekeeper delta=3m20s595ms).
2023-11-28T03:49:37.088+01:00  WARN 12449 --- [l-1 housekeeper] com.zaxxer.hikari.pool.HikariPool        : HikariPool-1 - Thread starvation or clock leap detected (housekeeper delta=16m35s389ms).
2023-11-28T04:08:35.000+01:00  WARN 12449 --- [l-1 housekeeper] com.zaxxer.hikari.pool.HikariPool        : HikariPool-1 - Thread starvation or clock leap detected (housekeeper delta=16m57s874ms).
2023-11-28T04:27:21.017+01:00  WARN 12449 --- [l-1 housekeeper] com.zaxxer.hikari.pool.HikariPool        : HikariPool-1 - Thread starvation or clock leap detected (housekeeper delta=15m15s967ms).
2023-11-28T04:33:05.026+01:00  WARN 12449 --- [l-1 housekeeper] com.zaxxer.hikari.pool.HikariPool        : HikariPool-1 - Thread starvation or clock leap detected (housekeeper delta=4m13s991ms).
2023-11-28T04:50:53.069+01:00  WARN 12449 --- [l-1 housekeeper] com.zaxxer.hikari.pool.HikariPool        : HikariPool-1 - Thread starvation or clock leap detected (housekeeper delta=15m48s25ms).
2023-11-28T05:07:52.069+01:00  WARN 12449 --- [l-1 housekeeper] com.zaxxer.hikari.pool.HikariPool        : HikariPool-1 - Thread starvation or clock leap detected (housekeeper delta=15m28s990ms).
2023-11-28T05:11:02.775+01:00  WARN 12449 --- [l-1 housekeeper] com.zaxxer.hikari.pool.HikariPool        : HikariPool-1 - Thread starvation or clock leap detected (housekeeper delta=1m10s668ms).
2023-11-28T05:28:16.872+01:00  WARN 12449 --- [l-1 housekeeper] com.zaxxer.hikari.pool.HikariPool        : HikariPool-1 - Thread starvation or clock leap detected (housekeeper delta=13m31s853ms).
2023-11-28T05:45:46.939+01:00  WARN 12449 --- [l-1 housekeeper] com.zaxxer.hikari.pool.HikariPool        : HikariPool-1 - Thread starvation or clock leap detected (housekeeper delta=15m30s36ms).
2023-11-28T06:04:04.892+01:00  WARN 12449 --- [l-1 housekeeper] com.zaxxer.hikari.pool.HikariPool        : HikariPool-1 - Thread starvation or clock leap detected (housekeeper delta=16m47s945ms).
2023-11-28T06:21:39.866+01:00  WARN 12449 --- [l-1 housekeeper] com.zaxxer.hikari.pool.HikariPool        : HikariPool-1 - Thread starvation or clock leap detected (housekeeper delta=16m4s955ms).
2023-11-28T06:29:28.899+01:00  WARN 12449 --- [l-1 housekeeper] com.zaxxer.hikari.pool.HikariPool        : HikariPool-1 - Thread starvation or clock leap detected (housekeeper delta=5m49s9ms).
2023-11-28T06:46:51.693+01:00  WARN 12449 --- [l-1 housekeeper] com.zaxxer.hikari.pool.HikariPool        : HikariPool-1 - Thread starvation or clock leap detected (housekeeper delta=15m52s774ms).
2023-11-28T06:50:40.806+01:00  WARN 12449 --- [l-1 housekeeper] com.zaxxer.hikari.pool.HikariPool        : HikariPool-1 - Thread starvation or clock leap detected (housekeeper delta=1m49s100ms).
2023-11-28T06:53:46.334+01:00  WARN 12449 --- [l-1 housekeeper] com.zaxxer.hikari.pool.HikariPool        : HikariPool-1 - Thread starvation or clock leap detected (housekeeper delta=1m35s500ms).
2023-11-28T07:12:12.639+01:00  WARN 12449 --- [l-1 housekeeper] com.zaxxer.hikari.pool.HikariPool        : HikariPool-1 - Thread starvation or clock leap detected (housekeeper delta=16m56s289ms).
2023-11-28T07:30:28.639+01:00  WARN 12449 --- [l-1 housekeeper] com.zaxxer.hikari.pool.HikariPool        : HikariPool-1 - Thread starvation or clock leap detected (housekeeper delta=16m15s959ms).
2023-11-28T07:49:45.680+01:00  WARN 12449 --- [l-1 housekeeper] com.zaxxer.hikari.pool.HikariPool        : HikariPool-1 - Thread starvation or clock leap detected (housekeeper delta=17m46s991ms).
2023-11-28T08:07:15.750+01:00  WARN 12449 --- [l-1 housekeeper] com.zaxxer.hikari.pool.HikariPool        : HikariPool-1 - Thread starvation or clock leap detected (housekeeper delta=15m30s51ms).
2023-11-28T08:24:46.676+01:00  WARN 12449 --- [l-1 housekeeper] com.zaxxer.hikari.pool.HikariPool        : HikariPool-1 - Thread starvation or clock leap detected (housekeeper delta=16m901ms).
2023-11-28T08:31:10.830+01:00  WARN 12449 --- [l-1 housekeeper] com.zaxxer.hikari.pool.HikariPool        : HikariPool-1 - Thread starvation or clock leap detected (housekeeper delta=4m54s123ms).
2023-11-28T08:49:02.882+01:00  WARN 12449 --- [l-1 housekeeper] com.zaxxer.hikari.pool.HikariPool        : HikariPool-1 - Thread starvation or clock leap detected (housekeeper delta=15m52s21ms).
2023-11-28T09:06:58.877+01:00  WARN 12449 --- [l-1 housekeeper] com.zaxxer.hikari.pool.HikariPool        : HikariPool-1 - Thread starvation or clock leap detected (housekeeper delta=16m25s983ms).
2023-11-28T09:24:28.969+01:00  WARN 12449 --- [l-1 housekeeper] com.zaxxer.hikari.pool.HikariPool        : HikariPool-1 - Thread starvation or clock leap detected (housekeeper delta=15m30s68ms).
2023-11-28T09:32:22.829+01:00  WARN 12449 --- [l-1 housekeeper] com.zaxxer.hikari.pool.HikariPool        : HikariPool-1 - Thread starvation or clock leap detected (housekeeper delta=6m23s842ms).
2023-11-28T09:41:51.685+01:00  WARN 12449 --- [l-1 housekeeper] com.zaxxer.hikari.pool.HikariPool        : HikariPool-1 - Thread starvation or clock leap detected (housekeeper delta=7m58s832ms).
2023-11-28T09:45:48.623+01:00  WARN 12449 --- [l-1 housekeeper] com.zaxxer.hikari.pool.HikariPool        : HikariPool-1 - Thread starvation or clock leap detected (housekeeper delta=1m56s904ms).
2023-11-28T10:03:44.773+01:00  WARN 12449 --- [l-1 housekeeper] com.zaxxer.hikari.pool.HikariPool        : HikariPool-1 - Thread starvation or clock leap detected (housekeeper delta=16m26s128ms).
2023-11-28T10:21:14.840+01:00  WARN 12449 --- [l-1 housekeeper] com.zaxxer.hikari.pool.HikariPool        : HikariPool-1 - Thread starvation or clock leap detected (housekeeper delta=15m30s35ms).
2023-11-28T10:33:22.810+01:00  WARN 12449 --- [l-1 housekeeper] com.zaxxer.hikari.pool.HikariPool        : HikariPool-1 - Thread starvation or clock leap detected (housekeeper delta=10m37s944ms).
2023-11-28T10:50:44.856+01:00  WARN 12449 --- [l-1 housekeeper] com.zaxxer.hikari.pool.HikariPool        : HikariPool-1 - Thread starvation or clock leap detected (housekeeper delta=15m52s21ms).
2023-11-28T10:54:12.849+01:00  WARN 12449 --- [l-1 housekeeper] com.zaxxer.hikari.pool.HikariPool        : HikariPool-1 - Thread starvation or clock leap detected (housekeeper delta=1m27s965ms).
2023-11-28T10:58:56.904+01:00  WARN 12449 --- [l-1 housekeeper] com.zaxxer.hikari.pool.HikariPool        : HikariPool-1 - Thread starvation or clock leap detected (housekeeper delta=3m14s34ms).
2023-11-28T11:17:35.762+01:00  WARN 12449 --- [l-1 housekeeper] com.zaxxer.hikari.pool.HikariPool        : HikariPool-1 - Thread starvation or clock leap detected (housekeeper delta=16m38s840ms).
2023-11-28T11:34:22.769+01:00  WARN 12449 --- [l-1 housekeeper] com.zaxxer.hikari.pool.HikariPool        : HikariPool-1 - Thread starvation or clock leap detected (housekeeper delta=15m16s986ms).
2023-11-28T11:52:02.814+01:00  WARN 12449 --- [l-1 housekeeper] com.zaxxer.hikari.pool.HikariPool        : HikariPool-1 - Thread starvation or clock leap detected (housekeeper delta=16m10s22ms).
2023-11-28T11:59:41.133+01:00  WARN 12449 --- [l-1 housekeeper] com.zaxxer.hikari.pool.HikariPool        : HikariPool-1 - Thread starvation or clock leap detected (housekeeper delta=5m38s286ms).
2023-11-28T12:04:37.596+01:00  WARN 12449 --- [l-1 housekeeper] com.zaxxer.hikari.pool.HikariPool        : HikariPool-1 - Thread starvation or clock leap detected (housekeeper delta=3m26s449ms).
2023-11-28T12:10:28.563+01:00  WARN 12449 --- [l-1 housekeeper] com.zaxxer.hikari.pool.HikariPool        : HikariPool-1 - Thread starvation or clock leap detected (housekeeper delta=3m50s948ms).
2023-11-28T12:28:32.017+01:00  WARN 12449 --- [l-1 housekeeper] com.zaxxer.hikari.pool.HikariPool        : HikariPool-1 - Thread starvation or clock leap detected (housekeeper delta=16m33s433ms).
2023-11-28T12:35:18.653+01:00  WARN 12449 --- [l-1 housekeeper] com.zaxxer.hikari.pool.HikariPool        : HikariPool-1 - Thread starvation or clock leap detected (housekeeper delta=5m16s615ms).
2023-11-28T12:46:32.715+01:00  WARN 12449 --- [l-1 housekeeper] com.zaxxer.hikari.pool.HikariPool        : HikariPool-1 - Thread starvation or clock leap detected (housekeeper delta=9m14s28ms).
2023-11-28T13:06:11.459+01:00  WARN 12449 --- [l-1 housekeeper] com.zaxxer.hikari.pool.HikariPool        : HikariPool-1 - Thread starvation or clock leap detected (housekeeper delta=16m8s678ms).
2023-11-28T13:25:09.377+01:00  WARN 12449 --- [l-1 housekeeper] com.zaxxer.hikari.pool.HikariPool        : HikariPool-1 - Thread starvation or clock leap detected (housekeeper delta=17m27s888ms).
2023-11-28T13:36:29.384+01:00  WARN 12449 --- [l-1 housekeeper] com.zaxxer.hikari.pool.HikariPool        : HikariPool-1 - Thread starvation or clock leap detected (housekeeper delta=9m19s981ms).
2023-11-28T13:42:20.464+01:00  WARN 12449 --- [l-1 housekeeper] com.zaxxer.hikari.pool.HikariPool        : HikariPool-1 - Thread starvation or clock leap detected (housekeeper delta=4m21s57ms).
2023-11-28T13:59:52.027+01:00  WARN 12449 --- [l-1 housekeeper] com.zaxxer.hikari.pool.HikariPool        : HikariPool-1 - Thread starvation or clock leap detected (housekeeper delta=15m31s532ms).
2023-11-28T14:02:16.174+01:00  WARN 12449 --- [l-1 housekeeper] com.zaxxer.hikari.pool.HikariPool        : HikariPool-1 - Thread starvation or clock leap detected (housekeeper delta=54s123ms).
2023-11-28T14:08:30.888+01:00  WARN 12449 --- [l-1 housekeeper] com.zaxxer.hikari.pool.HikariPool        : HikariPool-1 - Thread starvation or clock leap detected (housekeeper delta=4m44s687ms).
2023-11-28T14:16:47.802+01:00  WARN 12449 --- [l-1 housekeeper] com.zaxxer.hikari.pool.HikariPool        : HikariPool-1 - Thread starvation or clock leap detected (housekeeper delta=6m16s883ms).
2023-11-28T14:20:07.551+01:00  WARN 12449 --- [l-1 housekeeper] com.zaxxer.hikari.pool.HikariPool        : HikariPool-1 - Thread starvation or clock leap detected (housekeeper delta=1m49s718ms).
2023-11-28T14:37:35.313+01:00  WARN 12449 --- [l-1 housekeeper] com.zaxxer.hikari.pool.HikariPool        : HikariPool-1 - Thread starvation or clock leap detected (housekeeper delta=15m27s723ms).
2023-11-28T14:54:35.420+01:00  WARN 12449 --- [l-1 housekeeper] com.zaxxer.hikari.pool.HikariPool        : HikariPool-1 - Thread starvation or clock leap detected (housekeeper delta=15m30s96ms).
2023-11-28T15:11:35.588+01:00  WARN 12449 --- [l-1 housekeeper] com.zaxxer.hikari.pool.HikariPool        : HikariPool-1 - Thread starvation or clock leap detected (housekeeper delta=15m30s140ms).
2023-11-28T15:29:29.441+01:00  WARN 12449 --- [l-1 housekeeper] com.zaxxer.hikari.pool.HikariPool        : HikariPool-1 - Thread starvation or clock leap detected (housekeeper delta=15m53s822ms).
2023-11-28T15:33:41.945+01:00  WARN 12449 --- [l-1 housekeeper] com.zaxxer.hikari.pool.HikariPool        : HikariPool-1 - Thread starvation or clock leap detected (housekeeper delta=2m42s485ms).
2023-11-28T15:38:35.506+01:00  WARN 12449 --- [l-1 housekeeper] com.zaxxer.hikari.pool.HikariPool        : HikariPool-1 - Thread starvation or clock leap detected (housekeeper delta=2m53s528ms).
2023-11-28T15:56:36.571+01:00  WARN 12449 --- [l-1 housekeeper] com.zaxxer.hikari.pool.HikariPool        : HikariPool-1 - Thread starvation or clock leap detected (housekeeper delta=16m31s44ms).
2023-11-28T16:14:40.629+01:00  WARN 12449 --- [l-1 housekeeper] com.zaxxer.hikari.pool.HikariPool        : HikariPool-1 - Thread starvation or clock leap detected (housekeeper delta=16m34s33ms).
2023-11-28T16:33:06.809+01:00  WARN 12449 --- [l-1 housekeeper] com.zaxxer.hikari.pool.HikariPool        : HikariPool-1 - Thread starvation or clock leap detected (housekeeper delta=16m26s150ms).
2023-11-28T16:35:55.092+01:00  WARN 12449 --- [l-1 housekeeper] com.zaxxer.hikari.pool.HikariPool        : HikariPool-1 - Thread starvation or clock leap detected (housekeeper delta=1m18s259ms).
2023-11-28T17:03:23.143+01:00  WARN 12449 --- [l-1 housekeeper] com.zaxxer.hikari.pool.HikariPool        : HikariPool-1 - Retrograde clock change detected (housekeeper delta=27s872ms), soft-evicting connections from pool.
2023-11-28T18:26:50.062+01:00  WARN 12449 --- [l-1 housekeeper] com.zaxxer.hikari.pool.HikariPool        : HikariPool-1 - Thread starvation or clock leap detected (housekeeper delta=16m23s518ms).
2023-11-28T18:30:45.127+01:00  WARN 12449 --- [l-1 housekeeper] com.zaxxer.hikari.pool.HikariPool        : HikariPool-1 - Thread starvation or clock leap detected (housekeeper delta=2m25s33ms).
2023-11-28T18:35:05.430+01:00  WARN 12449 --- [l-1 housekeeper] com.zaxxer.hikari.pool.HikariPool        : HikariPool-1 - Thread starvation or clock leap detected (housekeeper delta=2m50s279ms).
2023-11-28T18:53:05.980+01:00  WARN 12449 --- [l-1 housekeeper] com.zaxxer.hikari.pool.HikariPool        : HikariPool-1 - Thread starvation or clock leap detected (housekeeper delta=16m517ms).
2023-11-28T19:11:33.040+01:00  WARN 12449 --- [l-1 housekeeper] com.zaxxer.hikari.pool.HikariPool        : HikariPool-1 - Thread starvation or clock leap detected (housekeeper delta=16m57s32ms).
2023-11-28T19:24:43.932+01:00  WARN 12449 --- [l-1 housekeeper] com.zaxxer.hikari.pool.HikariPool        : HikariPool-1 - Thread starvation or clock leap detected (housekeeper delta=11m10s901ms).
2023-11-28T19:29:09.726+01:00  WARN 12449 --- [l-1 housekeeper] com.zaxxer.hikari.pool.HikariPool        : HikariPool-1 - Thread starvation or clock leap detected (housekeeper delta=2m55s775ms).
2023-11-28T19:47:26.946+01:00  WARN 12449 --- [l-1 housekeeper] com.zaxxer.hikari.pool.HikariPool        : HikariPool-1 - Thread starvation or clock leap detected (housekeeper delta=16m47s201ms).
2023-11-28T20:05:49.927+01:00  WARN 12449 --- [l-1 housekeeper] com.zaxxer.hikari.pool.HikariPool        : HikariPool-1 - Thread starvation or clock leap detected (housekeeper delta=16m22s970ms).
2023-11-28T20:10:51.277+01:00  WARN 12449 --- [l-1 housekeeper] com.zaxxer.hikari.pool.HikariPool        : HikariPool-1 - Thread starvation or clock leap detected (housekeeper delta=58s590ms).
2023-11-28T20:16:22.217+01:00  WARN 12449 --- [l-1 housekeeper] com.zaxxer.hikari.pool.HikariPool        : HikariPool-1 - Thread starvation or clock leap detected (housekeeper delta=5m933ms).
2023-11-28T20:32:22.255+01:00  WARN 12449 --- [l-1 housekeeper] com.zaxxer.hikari.pool.HikariPool        : HikariPool-1 - Thread starvation or clock leap detected (housekeeper delta=15m30s29ms).
2023-11-28T20:46:27.349+01:00  WARN 12449 --- [l-1 housekeeper] com.zaxxer.hikari.pool.HikariPool        : HikariPool-1 - Thread starvation or clock leap detected (housekeeper delta=12m35s63ms).
2023-11-28T20:48:53.061+01:00  WARN 12449 --- [l-1 housekeeper] com.zaxxer.hikari.pool.HikariPool        : HikariPool-1 - Thread starvation or clock leap detected (housekeeper delta=1m55s708ms).
2023-11-28T20:53:03.454+01:00  WARN 12449 --- [l-1 housekeeper] com.zaxxer.hikari.pool.HikariPool        : HikariPool-1 - Thread starvation or clock leap detected (housekeeper delta=3m40s389ms).
2023-11-28T20:59:04.616+01:00  WARN 12449 --- [l-1 housekeeper] com.zaxxer.hikari.pool.HikariPool        : HikariPool-1 - Thread starvation or clock leap detected (housekeeper delta=6m1s161ms).
2023-11-28T21:15:38.686+01:00  WARN 12449 --- [l-1 housekeeper] com.zaxxer.hikari.pool.HikariPool        : HikariPool-1 - Thread starvation or clock leap detected (housekeeper delta=16m4s60ms).
2023-11-28T21:35:30.220+01:00  WARN 12449 --- [l-1 housekeeper] com.zaxxer.hikari.pool.HikariPool        : HikariPool-1 - Thread starvation or clock leap detected (housekeeper delta=18m21s504ms).
2023-11-28T21:54:01.220+01:00  WARN 12449 --- [l-1 housekeeper] com.zaxxer.hikari.pool.HikariPool        : HikariPool-1 - Thread starvation or clock leap detected (housekeeper delta=16m30s978ms).
2023-11-28T22:15:16.892+01:00  WARN 12449 --- [l-1 housekeeper] com.zaxxer.hikari.pool.HikariPool        : HikariPool-1 - Thread starvation or clock leap detected (housekeeper delta=17m45s626ms).
2023-11-28T22:18:47.817+01:00  WARN 12449 --- [l-1 housekeeper] com.zaxxer.hikari.pool.HikariPool        : HikariPool-1 - Thread starvation or clock leap detected (housekeeper delta=2m905ms).
2023-11-29T00:08:13.385+01:00  WARN 12449 --- [l-1 housekeeper] com.zaxxer.hikari.pool.HikariPool        : HikariPool-1 - Thread starvation or clock leap detected (housekeeper delta=2m23s768ms).
2023-11-29T01:07:30.264+01:00  INFO 12449 --- [ionShutdownHook] j.LocalContainerEntityManagerFactoryBean : Closing JPA EntityManagerFactory for persistence unit 'default'
2023-11-29T01:07:30.271+01:00  INFO 12449 --- [ionShutdownHook] com.zaxxer.hikari.HikariDataSource       : HikariPool-1 - Shutdown initiated...
2023-11-29T01:07:30.273+01:00  INFO 12449 --- [ionShutdownHook] com.zaxxer.hikari.HikariDataSource       : HikariPool-1 - Shutdown completed.
